<?xml version="1.0" encoding="UTF-8"?>
<testng-results skipped="1" failed="0" total="1" passed="0">
  <reporter-output>
    <line>
      <![CDATA[RunCount=2]]>
    </line>
    <line>
      <![CDATA[result/screenshot/chrome/2017_05_26_16_04_32_topCheck.jpg]]>
    </line>
    <line>
      <![CDATA[<img src="../../../result/screenshot/chrome/2017_05_26_16_04_32_topCheck.jpg"/>]]>
    </line>
    <line>
      <![CDATA[result/screenshot/chrome/2017_05_26_16_04_32_topCheck.jpg]]>
    </line>
    <line>
      <![CDATA[<img src="../../../result/screenshot/chrome/2017_05_26_16_04_32_topCheck.jpg"/>]]>
    </line>
    <line>
      <![CDATA[result/screenshot/chrome/2017_05_26_16_04_47_topCheck.jpg]]>
    </line>
    <line>
      <![CDATA[<img src="../../../result/screenshot/chrome/2017_05_26_16_04_47_topCheck.jpg"/>]]>
    </line>
    <line>
      <![CDATA[result/screenshot/chrome/2017_05_26_16_04_47_topCheck.jpg]]>
    </line>
    <line>
      <![CDATA[<img src="../../../result/screenshot/chrome/2017_05_26_16_04_47_topCheck.jpg"/>]]>
    </line>
  </reporter-output>
  <suite name="StockSirAutoTest" duration-ms="42192" started-at="2017-05-26T08:04:07Z" finished-at="2017-05-26T08:04:49Z">
    <groups>
    </groups>
    <test name="单例测试" duration-ms="42192" started-at="2017-05-26T08:04:07Z" finished-at="2017-05-26T08:04:49Z">
      <class name="com.stocksir.testcase.home.HomePage_001_Login_TopCheck_Test">
        <test-method status="PASS" signature="startTest(org.testng.ITestContext)[pri:0, instance:com.stocksir.testcase.home.HomePage_001_Login_TopCheck_Test@6a2f6f80]" name="startTest" is-config="true" duration-ms="7396" started-at="2017-05-26T16:04:07Z" finished-at="2017-05-26T16:04:14Z">
          <params>
            <param index="0">
              <value>
                <![CDATA[org.testng.TestRunner@77b43430]]>
              </value>
            </param>
          </params>
          <reporter-output>
          </reporter-output>
        </test-method> <!-- startTest -->
        <test-method status="SKIP" signature="topCheck(org.testng.ITestContext)[pri:0, instance:com.stocksir.testcase.home.HomePage_001_Login_TopCheck_Test@6a2f6f80]" name="topCheck" duration-ms="17606" started-at="2017-05-26T16:04:14Z" finished-at="2017-05-26T16:04:32Z">
          <params>
            <param index="0">
              <value>
                <![CDATA[org.testng.TestRunner@77b43430]]>
              </value>
            </param>
          </params>
          <exception class="java.lang.AssertionError">
            <message>
              <![CDATA[超时!! 15 秒之后还没找到元素 [By.cssSelector: span.l-btn-text.icon-back.l-btn-icon-left]]]>
            </message>
            <full-stacktrace>
              <![CDATA[java.lang.AssertionError: 超时!! 15 秒之后还没找到元素 [By.cssSelector: span.l-btn-text.icon-back.l-btn-icon-left]
	at org.testng.Assert.fail(Assert.java:94)
	at com.stocksir.util.SeleniumUtil.waitForElementToLoad(SeleniumUtil.java:207)
	at com.stocksir.pages.pageshelper.HomePageHelper.waitHomePageToLoad(HomePageHelper.java:21)
	at com.stocksir.plugins.father.HomeFather.homeAuthenticationParpare(HomeFather.java:35)
	at com.stocksir.testcase.home.HomePage_001_Login_TopCheck_Test.topCheck(HomePage_001_Login_TopCheck_Test.java:17)
	at sun.reflect.NativeMethodAccessorImpl.invoke0(Native Method)
	at sun.reflect.NativeMethodAccessorImpl.invoke(NativeMethodAccessorImpl.java:62)
	at sun.reflect.DelegatingMethodAccessorImpl.invoke(DelegatingMethodAccessorImpl.java:43)
	at java.lang.reflect.Method.invoke(Method.java:498)
	at org.testng.internal.MethodInvocationHelper.invokeMethod(MethodInvocationHelper.java:85)
	at org.testng.internal.Invoker.invokeMethod(Invoker.java:639)
	at org.testng.internal.Invoker.invokeTestMethod(Invoker.java:816)
	at org.testng.internal.Invoker.invokeTestMethods(Invoker.java:1124)
	at org.testng.internal.TestMethodWorker.invokeTestMethods(TestMethodWorker.java:125)
	at org.testng.internal.TestMethodWorker.run(TestMethodWorker.java:108)
	at org.testng.TestRunner.privateRun(TestRunner.java:774)
	at org.testng.TestRunner.run(TestRunner.java:624)
	at org.testng.SuiteRunner.runTest(SuiteRunner.java:359)
	at org.testng.SuiteRunner.access$000(SuiteRunner.java:39)
	at org.testng.SuiteRunner$SuiteWorker.run(SuiteRunner.java:393)
	at org.testng.internal.thread.ThreadUtil$2.call(ThreadUtil.java:64)
	at java.util.concurrent.FutureTask.run(FutureTask.java:266)
	at java.util.concurrent.ThreadPoolExecutor.runWorker(ThreadPoolExecutor.java:1142)
	at java.util.concurrent.ThreadPoolExecutor$Worker.run(ThreadPoolExecutor.java:617)
	at java.lang.Thread.run(Thread.java:745)
]]>
            </full-stacktrace>
          </exception> <!-- java.lang.AssertionError -->
          <reporter-output>
            <line>
              <![CDATA[RunCount=2]]>
            </line>
            <line>
              <![CDATA[result/screenshot/chrome/2017_05_26_16_04_32_topCheck.jpg]]>
            </line>
            <line>
              <![CDATA[<img src="../../../result/screenshot/chrome/2017_05_26_16_04_32_topCheck.jpg"/>]]>
            </line>
            <line>
              <![CDATA[result/screenshot/chrome/2017_05_26_16_04_32_topCheck.jpg]]>
            </line>
            <line>
              <![CDATA[<img src="../../../result/screenshot/chrome/2017_05_26_16_04_32_topCheck.jpg"/>]]>
            </line>
          </reporter-output>
        </test-method> <!-- topCheck -->
        <test-method status="PASS" signature="endTest()[pri:0, instance:com.stocksir.testcase.home.HomePage_001_Login_TopCheck_Test@6a2f6f80]" name="endTest" is-config="true" duration-ms="1238" started-at="2017-05-26T16:04:48Z" finished-at="2017-05-26T16:04:49Z">
          <reporter-output>
          </reporter-output>
        </test-method> <!-- endTest -->
      </class> <!-- com.stocksir.testcase.home.HomePage_001_Login_TopCheck_Test -->
    </test> <!-- 单例测试 -->
  </suite> <!-- StockSirAutoTest -->
</testng-results>
