<?xml version="1.0" encoding="UTF-8"?>
<!-- Generated by org.testng.reporters.JUnitReportReporter -->
<testsuite hostname="WRGHO-702220958" name="com.stocksir.testcase.home.HomePage_001_Login_TopCheck_Test" tests="1" failures="1" timestamp="26 May 2017 08:04:49 GMT" time="17.606" errors="0">
  <testcase name="topCheck" time="17.606" classname="com.stocksir.testcase.home.HomePage_001_Login_TopCheck_Test">
    <failure type="java.lang.AssertionError" message="超时!! 15 秒之后还没找到元素 [By.cssSelector: span.l-btn-text.icon-back.l-btn-icon-left]">
      <![CDATA[java.lang.AssertionError: 超时!! 15 秒之后还没找到元素 [By.cssSelector: span.l-btn-text.icon-back.l-btn-icon-left]
	at org.testng.Assert.fail(Assert.java:94)
	at com.stocksir.util.SeleniumUtil.waitForElementToLoad(SeleniumUtil.java:207)
	at com.stocksir.pages.pageshelper.HomePageHelper.waitHomePageToLoad(HomePageHelper.java:21)
	at com.stocksir.plugins.father.HomeFather.homeAuthenticationParpare(HomeFather.java:35)
	at com.stocksir.testcase.home.HomePage_001_Login_TopCheck_Test.topCheck(HomePage_001_Login_TopCheck_Test.java:17)
	at sun.reflect.NativeMethodAccessorImpl.invoke0(Native Method)
	at sun.reflect.NativeMethodAccessorImpl.invoke(NativeMethodAccessorImpl.java:62)
	at sun.reflect.DelegatingMethodAccessorImpl.invoke(DelegatingMethodAccessorImpl.java:43)
	at java.lang.reflect.Method.invoke(Method.java:498)
	at org.testng.internal.MethodInvocationHelper.invokeMethod(MethodInvocationHelper.java:85)
	at org.testng.internal.Invoker.invokeMethod(Invoker.java:639)
	at org.testng.internal.Invoker.invokeTestMethod(Invoker.java:816)
	at org.testng.internal.Invoker.invokeTestMethods(Invoker.java:1124)
	at org.testng.internal.TestMethodWorker.invokeTestMethods(TestMethodWorker.java:125)
	at org.testng.internal.TestMethodWorker.run(TestMethodWorker.java:108)
	at org.testng.TestRunner.privateRun(TestRunner.java:774)
	at org.testng.TestRunner.run(TestRunner.java:624)
	at org.testng.SuiteRunner.runTest(SuiteRunner.java:359)
	at org.testng.SuiteRunner.access$000(SuiteRunner.java:39)
	at org.testng.SuiteRunner$SuiteWorker.run(SuiteRunner.java:393)
	at org.testng.internal.thread.ThreadUtil$2.call(ThreadUtil.java:64)
	at java.util.concurrent.FutureTask.run(FutureTask.java:266)
	at java.util.concurrent.ThreadPoolExecutor.runWorker(ThreadPoolExecutor.java:1142)
	at java.util.concurrent.ThreadPoolExecutor$Worker.run(ThreadPoolExecutor.java:617)
	at java.lang.Thread.run(Thread.java:745)
]]>
    </failure>
  </testcase> <!-- topCheck -->
</testsuite> <!-- com.stocksir.testcase.home.HomePage_001_Login_TopCheck_Test -->
